<?xml version="1.0" encoding="UTF-8"?>
<!-- Generated by org.testng.reporters.JUnitReportReporter -->
<testsuite hostname="Dell" failures="0" tests="1" name="sample.Tc4_test" time="16.215" errors="0" timestamp="2022-07-30T16:44:07 IST" skipped="0">
  <testcase classname="sample.Tc4_test" name="swiggy" time="16.215"/>
  <system-out/>
</testsuite> <!-- sample.Tc4_test -->
