<?xml version="1.0" encoding="UTF-8"?>
<!-- Generated by org.testng.reporters.JUnitReportReporter -->
<testsuite hostname="Dell" failures="0" tests="1" name="book.TC_DWS_06_Test" time="20.675" errors="0" timestamp="2022-08-09T16:36:24 IST" skipped="0">
  <testcase classname="book.TC_DWS_06_Test" name="Validate_Books_invalid_credentials" time="20.675"/>
  <system-out>
    <![CDATA[Clicked on link]]>
  </system-out>
</testsuite> <!-- book.TC_DWS_06_Test -->
